The target system is: Generic - 2.7.1 - arm
The host system is: Linux - 5.15.0-84-generic - x86_64
Compiling the C compiler identification source file "CMakeCCompilerId.c" succeeded.
Compiler: /home/will/.platformio/packages/toolchain-gccarmnoneeabi@1.80201.181220/bin/arm-none-eabi-gcc 
Build flags: 
Id flags: -c 

The output was:
0


Compilation of the C compiler identification source "CMakeCCompilerId.c" produced "CMakeCCompilerId.o"

The C compiler identification is GNU, found in "/home/will/Documents/Lab5_emmaw_willg/.pio/build/sleep/CMakeFiles/3.21.3/CompilerIdC/CMakeCCompilerId.o"

Compiling the CXX compiler identification source file "CMakeCXXCompilerId.cpp" succeeded.
Compiler: /home/will/.platformio/packages/toolchain-gccarmnoneeabi@1.80201.181220/bin/arm-none-eabi-g++ 
Build flags: 
Id flags: -c 

The output was:
0


Compilation of the CXX compiler identification source "CMakeCXXCompilerId.cpp" produced "CMakeCXXCompilerId.o"

The CXX compiler identification is GNU, found in "/home/will/Documents/Lab5_emmaw_willg/.pio/build/sleep/CMakeFiles/3.21.3/CompilerIdCXX/CMakeCXXCompilerId.o"

Checking whether the ASM compiler is GNU using "--version" matched "(GNU assembler)|(GCC)|(Free Software Foundation)":
arm-none-eabi-gcc (GNU Tools for Arm Embedded Processors 8-2018-q4-major) 8.2.1 20181213 (release) [gcc-8-branch revision 267074]
Copyright (C) 2018 Free Software Foundation, Inc.
This is free software; see the source for copying conditions.  There is NO
warranty; not even for MERCHANTABILITY or FITNESS FOR A PARTICULAR PURPOSE.

Performing C SOURCE FILE Test check_fmacro_prefix_map__home_will_Documents_Lab5_emmaw_willg_zephyr_CMAKE_SOURCE_DIR_C__nostartfiles__nostdlib__isystem___home_will__platformio_packages_toolchain_gccarmnoneeabi_1_80201_181220_bin____lib_gcc_arm_none_eabi_8_2_1_include___isystem___home_will__platformio_packages_toolchain_gccarmnoneeabi_1_80201_181220_bin____lib_gcc_arm_none_eabi_8_2_1_include_fixed___Wl___unresolved_symbols_ignore_in_object_files__Wl___entry_0 succeeded with the following output:
Change Dir: /home/will/Documents/Lab5_emmaw_willg/.pio/build/sleep/CMakeFiles/CMakeTmp

Run Build Command(s):/home/will/.platformio/packages/tool-ninja/ninja cmTC_60f13 && [1/2] Building C object CMakeFiles/cmTC_60f13.dir/src.c.obj
[2/2] Linking C executable cmTC_60f13


Source file was:
int main(void) { return 0; }
